<?xml version="1.0" encoding="utf-8"?><testsuites><testsuite name="pytest" errors="0" failures="0" skipped="0" tests="18" time="0.120" timestamp="2022-07-06T11:58:25.871397" hostname="KOR-C-000C8"><testcase classname="tests.test_charge_rate" name="test_low_charge_rate" time="0.001" /><testcase classname="tests.test_charge_rate" name="test_high_charge_rate" time="0.001" /><testcase classname="tests.test_charge_rate" name="test_normal_charge_rate" time="0.001" /><testcase classname="tests.test_charge_rate" name="test_treatment_for_normal_charge_rate" time="0.002" /><testcase classname="tests.test_charge_rate" name="test_treatment_for_high_charge_rate" time="0.001" /><testcase classname="tests.test_charge_rate" name="test_treatment_for_low_charge_rate" time="0.001" /><testcase classname="tests.test_state_of_charge" name="test_low_state_of_charge" time="0.001" /><testcase classname="tests.test_state_of_charge" name="test_high_state_of_charge" time="0.001" /><testcase classname="tests.test_state_of_charge" name="test_normal_state_of_charge" time="0.001" /><testcase classname="tests.test_state_of_charge" name="test_treatment_for_high_state_of_charge" time="0.001" /><testcase classname="tests.test_state_of_charge" name="test_treatment_for_normal_state_of_charge" time="0.001" /><testcase classname="tests.test_state_of_charge" name="test_treatment_for_low_state_of_charge" time="0.001" /><testcase classname="tests.test_temperature" name="test_low_temperature" time="0.001" /><testcase classname="tests.test_temperature" name="test_high_temperature" time="0.001" /><testcase classname="tests.test_temperature" name="test_normal_temperature" time="0.001" /><testcase classname="tests.test_temperature" name="test_treatment_for_high_temperature" time="0.001" /><testcase classname="tests.test_temperature" name="test_treatment_for_normal_temperature" time="0.001" /><testcase classname="tests.test_temperature" name="test_treatment_for_low_temperature" time="0.001" /></testsuite></testsuites>